C:\USERS\ADMINISTRATOR\DESKTOP\SMTPMAIL\DEBUG\SMTPMAIL.EXE
C:\USERS\ADMINISTRATOR\DESKTOP\SMTPMAIL\DEBUG\SMTPMAIL.ILK
C:\USERS\ADMINISTRATOR\DESKTOP\SMTPMAIL\DEBUG\SMTPMAIL.PDB
C:\Users\Administrator\Desktop\SmtpMail\SmtpMail\Debug\cl.command.1.tlog
C:\Users\Administrator\Desktop\SmtpMail\SmtpMail\Debug\CL.read.1.tlog
C:\Users\Administrator\Desktop\SmtpMail\SmtpMail\Debug\CL.write.1.tlog
C:\Users\Administrator\Desktop\SmtpMail\SmtpMail\Debug\link.command.1.tlog
C:\Users\Administrator\Desktop\SmtpMail\SmtpMail\Debug\link.read.1.tlog
C:\Users\Administrator\Desktop\SmtpMail\SmtpMail\Debug\link.write.1.tlog
C:\Users\Administrator\Desktop\SmtpMail\SmtpMail\Debug\link-cvtres.read.1.tlog
C:\Users\Administrator\Desktop\SmtpMail\SmtpMail\Debug\link-cvtres.write.1.tlog
C:\Users\Administrator\Desktop\SmtpMail\SmtpMail\Debug\mt.command.1.tlog
C:\Users\Administrator\Desktop\SmtpMail\SmtpMail\Debug\mt.read.1.tlog
C:\Users\Administrator\Desktop\SmtpMail\SmtpMail\Debug\mt.write.1.tlog
C:\Users\Administrator\Desktop\SmtpMail\SmtpMail\Debug\rc.command.1.tlog
C:\Users\Administrator\Desktop\SmtpMail\SmtpMail\Debug\rc.read.1.tlog
C:\Users\Administrator\Desktop\SmtpMail\SmtpMail\Debug\rc.write.1.tlog
C:\USERS\ADMINISTRATOR\DESKTOP\SMTPMAIL\SMTPMAIL\DEBUG\SENDING-EMAIL.OBJ
C:\USERS\ADMINISTRATOR\DESKTOP\SMTPMAIL\SMTPMAIL\DEBUG\SMTPMAIL.EXE.EMBED.MANIFEST
C:\USERS\ADMINISTRATOR\DESKTOP\SMTPMAIL\SMTPMAIL\DEBUG\SMTPMAIL.EXE.EMBED.MANIFEST.RES
C:\USERS\ADMINISTRATOR\DESKTOP\SMTPMAIL\SMTPMAIL\DEBUG\SMTPMAIL.EXE.INTERMEDIATE.MANIFEST
C:\USERS\ADMINISTRATOR\DESKTOP\SMTPMAIL\SMTPMAIL\DEBUG\SMTPMAIL.OBJ
C:\USERS\ADMINISTRATOR\DESKTOP\SMTPMAIL\SMTPMAIL\DEBUG\SMTPMAIL.PCH
C:\USERS\ADMINISTRATOR\DESKTOP\SMTPMAIL\SMTPMAIL\DEBUG\SMTPMAIL.RES
C:\Users\Administrator\Desktop\SmtpMail\SmtpMail\Debug\SmtpMail.write.1.tlog
C:\Users\Administrator\Desktop\SmtpMail\SmtpMail\Debug\SmtpMail_manifest.rc
C:\USERS\ADMINISTRATOR\DESKTOP\SMTPMAIL\SMTPMAIL\DEBUG\SMTPMAILDLG.OBJ
C:\USERS\ADMINISTRATOR\DESKTOP\SMTPMAIL\SMTPMAIL\DEBUG\STDAFX.OBJ
C:\Users\Administrator\Desktop\SmtpMail\SmtpMail\Debug\vc100.idb
C:\USERS\ADMINISTRATOR\DESKTOP\SMTPMAIL\SMTPMAIL\DEBUG\VC100.PDB
